<?xml version="1.0" encoding="UTF-8"?>
<!-- Generated by org.testng.reporters.JUnitReportReporter -->
<testsuite hostname="Muhammet-MacBook-Pro.local" failures="0" tests="1" name="alertspractice.AlertWithOkAndCancel" time="15.756" errors="0" timestamp="2024-02-13T22:24:31 TRT" skipped="0">
  <testcase classname="alertspractice.AlertWithOkAndCancel" name="test" time="15.756"/>
  <system-out/>
</testsuite> <!-- alertspractice.AlertWithOkAndCancel -->
