<?xml version="1.0" encoding="UTF-8"?>
<!-- Generated by org.testng.reporters.JUnitReportReporter -->
<testsuite hostname="Muhammet-MacBook-Pro.local" failures="0" tests="1" name="alertspractice.AlertWithInput" time="16.329" errors="0" timestamp="2024-02-13T22:45:25 TRT" skipped="0">
  <testcase classname="alertspractice.AlertWithInput" name="test" time="16.329"/>
  <system-out/>
</testsuite> <!-- alertspractice.AlertWithInput -->
