<?xml version="1.0" encoding="UTF-8"?>
<!-- Generated by org.testng.reporters.JUnitReportReporter -->
<testsuite hostname="Muhammet-MacBook-Pro.local" failures="0" tests="1" name="alertspractice.SimpleAlert" time="15.732" errors="0" timestamp="2024-02-13T22:11:27 TRT" skipped="0">
  <testcase classname="alertspractice.SimpleAlert" name="test" time="15.732"/>
  <system-out/>
</testsuite> <!-- alertspractice.SimpleAlert -->
