<?xml version="1.0" encoding="UTF-8"?>
<!-- Generated by org.testng.reporters.JUnitReportReporter -->
<testsuite hostname="Muhammet-MacBook-Pro.local" failures="0" tests="1" name="locatorpractice.Practice1" time="10.740" errors="0" timestamp="2024-02-08T21:41:32 TRT" skipped="0">
  <testcase classname="locatorpractice.Practice1" name="loginTest" time="10.740"/>
  <system-out/>
</testsuite> <!-- locatorpractice.Practice1 -->
